<?xml version="1.0" encoding="UTF-8"?>
<!-- Generated by org.testng.reporters.JUnitReportReporter -->
<testsuite hostname="DESKTOP-CPMUKDT" failures="0" tests="2" name="com.Sindhu.TestCases.LoginPage" time="112.375" errors="0" timestamp="2022-08-27T09:23:33 IST" skipped="0">
  <testcase classname="com.Sindhu.TestCases.LoginPage" name="TestCase1" time="56.196"/>
  <system-out/>
  <testcase classname="com.Sindhu.TestCases.LoginPage" name="TestCase2" time="56.179"/>
  <system-out/>
</testsuite> <!-- com.Sindhu.TestCases.LoginPage -->
